Arguments: 
  /Users/craftydragon678/.nvm/versions/node/v16.6.1/bin/node /Users/craftydragon678/.nvm/versions/node/v16.6.1/bin/yarn add danfo.js

PATH: 
  /Users/craftydragon678/google-cloud-sdk/bin:/usr/local/opt/grep/libexec/gnubin:/Users/craftydragon678/.nvm/versions/node/v16.6.1/bin:/usr/local/lib/ruby/gems/3.0.0/bin:/usr/local/opt/ruby/bin:/usr/local/bin:/usr/bin:/bin:/usr/sbin:/sbin:/usr/local/go/bin:/usr/local/MacGPG2/bin:/Library/Apple/usr/bin:/Library/Frameworks/Mono.framework/Versions/Current/Commands:/Users/craftydragon678/google-cloud-sdk/bin:/usr/local/opt/grep/libexec/gnubin:/Users/craftydragon678/.nvm/versions/node/v16.6.1/bin:/usr/local/lib/ruby/gems/3.0.0/bin:/usr/local/opt/ruby/bin:/Users/craftydragon678/Library/Android/sdk/emulator:/Users/craftydragon678/Library/Android/sdk/tools:/Users/craftydragon678/Library/Android/sdk/tools/bin:/Users/craftydragon678/Library/Android/sdk/platform-tools:/Users/craftydragon678/Library/Android/sdk/emulator:/Users/craftydragon678/Library/Android/sdk/tools:/Users/craftydragon678/Library/Android/sdk/tools/bin:/Users/craftydragon678/Library/Android/sdk/platform-tools

Yarn version: 
  1.22.11

Node version: 
  16.6.1

Platform: 
  darwin x64

Trace: 
  Error: https://registry.yarnpkg.com/danfo.js: Not found
      at Request.params.callback [as _callback] (/Users/craftydragon678/.nvm/versions/node/v16.6.1/lib/node_modules/yarn/lib/cli.js:66992:18)
      at Request.self.callback (/Users/craftydragon678/.nvm/versions/node/v16.6.1/lib/node_modules/yarn/lib/cli.js:140763:22)
      at Request.emit (node:events:394:28)
      at Request.<anonymous> (/Users/craftydragon678/.nvm/versions/node/v16.6.1/lib/node_modules/yarn/lib/cli.js:141735:10)
      at Request.emit (node:events:394:28)
      at IncomingMessage.<anonymous> (/Users/craftydragon678/.nvm/versions/node/v16.6.1/lib/node_modules/yarn/lib/cli.js:141657:12)
      at Object.onceWrapper (node:events:513:28)
      at IncomingMessage.emit (node:events:406:35)
      at endReadableNT (node:internal/streams/readable:1331:12)
      at processTicksAndRejections (node:internal/process/task_queues:83:21)

npm manifest: 
  {
    "main": "node.js",
    "scripts": {
      "start": "node ."
    },
    "type": "module",
    "dependencies": {
      "axios": "^0.22.0",
      "fetch": "^1.1.0",
      "proj4": "^2.7.5"
    },
    "devDependencies": {
      "@types/axios": "^0.14.0"
    }
  }

yarn manifest: 
  No manifest

Lockfile: 
  # THIS IS AN AUTOGENERATED FILE. DO NOT EDIT THIS FILE DIRECTLY.
  # yarn lockfile v1
  
  
  "@types/axios@^0.14.0":
    version "0.14.0"
    resolved "https://registry.yarnpkg.com/@types/axios/-/axios-0.14.0.tgz#ec2300fbe7d7dddd7eb9d3abf87999964cafce46"
    integrity sha1-7CMA++fX3d1+udOr+HmZlkyvzkY=
    dependencies:
      axios "*"
  
  axios@*, axios@^0.22.0:
    version "0.22.0"
    resolved "https://registry.yarnpkg.com/axios/-/axios-0.22.0.tgz#bf702c41fb50fbca4539589d839a077117b79b25"
    integrity sha512-Z0U3uhqQeg1oNcihswf4ZD57O3NrR1+ZXhxaROaWpDmsDTx7T2HNBV2ulBtie2hwJptu8UvgnJoK+BIqdzh/1w==
    dependencies:
      follow-redirects "^1.14.4"
  
  biskviit@1.0.1:
    version "1.0.1"
    resolved "https://registry.yarnpkg.com/biskviit/-/biskviit-1.0.1.tgz#037a0cd4b71b9e331fd90a1122de17dc49e420a7"
    integrity sha1-A3oM1LcbnjMf2QoRIt4X3EnkIKc=
    dependencies:
      psl "^1.1.7"
  
  encoding@0.1.12:
    version "0.1.12"
    resolved "https://registry.yarnpkg.com/encoding/-/encoding-0.1.12.tgz#538b66f3ee62cd1ab51ec323829d1f9480c74beb"
    integrity sha1-U4tm8+5izRq1HsMjgp0flIDHS+s=
    dependencies:
      iconv-lite "~0.4.13"
  
  fetch@^1.1.0:
    version "1.1.0"
    resolved "https://registry.yarnpkg.com/fetch/-/fetch-1.1.0.tgz#0a8279f06be37f9f0ebb567560a30a480da59a2e"
    integrity sha1-CoJ58Gvjf58Ou1Z1YKMKSA2lmi4=
    dependencies:
      biskviit "1.0.1"
      encoding "0.1.12"
  
  follow-redirects@^1.14.4:
    version "1.14.4"
    resolved "https://registry.yarnpkg.com/follow-redirects/-/follow-redirects-1.14.4.tgz#838fdf48a8bbdd79e52ee51fb1c94e3ed98b9379"
    integrity sha512-zwGkiSXC1MUJG/qmeIFH2HBJx9u0V46QGUe3YR1fXG8bXQxq7fLj0RjLZQ5nubr9qNJUZrH+xUcwXEoXNpfS+g==
  
  iconv-lite@~0.4.13:
    version "0.4.24"
    resolved "https://registry.yarnpkg.com/iconv-lite/-/iconv-lite-0.4.24.tgz#2022b4b25fbddc21d2f524974a474aafe733908b"
    integrity sha512-v3MXnZAcvnywkTUEZomIActle7RXXeedOR31wwl7VlyoXO4Qi9arvSenNQWne1TcRwhCL1HwLI21bEqdpj8/rA==
    dependencies:
      safer-buffer ">= 2.1.2 < 3"
  
  mgrs@1.0.0:
    version "1.0.0"
    resolved "https://registry.yarnpkg.com/mgrs/-/mgrs-1.0.0.tgz#fb91588e78c90025672395cb40b25f7cd6ad1829"
    integrity sha1-+5FYjnjJACVnI5XLQLJffNatGCk=
  
  proj4@^2.7.5:
    version "2.7.5"
    resolved "https://registry.yarnpkg.com/proj4/-/proj4-2.7.5.tgz#46c3ef841a9df57470d791f221160a9d68951945"
    integrity sha512-5ecXUXbHAfvdhfBQpU7EhUfPCQGUCPmVup/4gnZA3bJY3JcK/xxzm4QQDz1xiXokN6ux65VDczlCtBtKrTSpAQ==
    dependencies:
      mgrs "1.0.0"
      wkt-parser "^1.3.1"
  
  psl@^1.1.7:
    version "1.8.0"
    resolved "https://registry.yarnpkg.com/psl/-/psl-1.8.0.tgz#9326f8bcfb013adcc005fdff056acce020e51c24"
    integrity sha512-RIdOzyoavK+hA18OGGWDqUTsCLhtA7IcZ/6NCs4fFJaHBDab+pDDmDIByWFRQJq2Cd7r1OoQxBGKOaztq+hjIQ==
  
  "safer-buffer@>= 2.1.2 < 3":
    version "2.1.2"
    resolved "https://registry.yarnpkg.com/safer-buffer/-/safer-buffer-2.1.2.tgz#44fa161b0187b9549dd84bb91802f9bd8385cd6a"
    integrity sha512-YZo3K82SD7Riyi0E1EQPojLz7kpepnSQI9IyPbHHg1XXXevb5dJI7tpyN2ADxGcQbHG7vcyRHk0cbwqcQriUtg==
  
  wkt-parser@^1.3.1:
    version "1.3.1"
    resolved "https://registry.yarnpkg.com/wkt-parser/-/wkt-parser-1.3.1.tgz#a569678eb28f82f6739f736319be073e32bf8191"
    integrity sha512-XK5qV+Y5gsygQfHx2/cS5a7Zxsgleaw8iX5UPC5eOXPc0TgJAu1JB9lr0iYYX3zAnN3p0aNiaN5c+1Bdblxwrg==
